<?xml version="1.0" encoding="UTF-8"?>
<!-- Generated by org.testng.reporters.JUnitReportReporter -->
<testsuite hostname="MAC-OBS-36.local" failures="0" tests="2" name="com.nopcommerce.web.testcases.RegisterTest" time="6.438" errors="0" timestamp="2024-02-13T16:03:34 IST" skipped="0">
  <testcase classname="com.nopcommerce.web.testcases.RegisterTest" name="registerWithoutUserData" time="1.185"/>
  <system-out/>
  <testcase classname="com.nopcommerce.web.testcases.RegisterTest" name="registerNewUser" time="5.253"/>
  <system-out/>
</testsuite> <!-- com.nopcommerce.web.testcases.RegisterTest -->
