<?xml version="1.0" encoding="UTF-8"?>
<!-- Generated by org.testng.reporters.JUnitReportReporter -->
<testsuite hostname="MAC-OBS-36.local" failures="0" tests="3" name="com.nopcommerce.qa.testcases.LoginTest" time="1.903" errors="0" timestamp="2024-02-01T03:06:36 IST" skipped="0">
  <testcase classname="com.nopcommerce.qa.testcases.LoginTest" name="verifyLoginWithoutCredentials" time="0.651"/>
  <testcase classname="com.nopcommerce.qa.testcases.LoginTest" name="verifyLoginWithoutPassword" time="0.604"/>
  <testcase classname="com.nopcommerce.qa.testcases.LoginTest" name="verifyLogin" time="0.648"/>
</testsuite> <!-- com.nopcommerce.qa.testcases.LoginTest -->
