<?xml version="1.0" encoding="UTF-8"?>
<!-- Generated by org.testng.reporters.JUnitReportReporter -->
<testsuite hostname="MAC-OBS-36.local" failures="0" tests="3" name="com.petstore.api.testcases.AvailablePetsTest" time="6.303" errors="0" timestamp="2024-02-05T02:20:46 IST" skipped="0">
  <testcase classname="com.petstore.api.testcases.AvailablePetsTest" name="verifyAvailablePetsStatus" time="3.479">
    <system-out>
      <![CDATA[Available Pets
Base URI: https://petstore.swagger.io/#
Base Path: /v2/pet/findByStatus?status=available
Pet Name: string
Response body contains doggie
Status code: 200
Actual status Code matches with expected 
StatusLine: HTTP/1.1 200 OK
Actual status Line matches with expected 
Response body contains Pets with available status only ]]>
    </system-out>
  </testcase> <!-- verifyAvailablePetsStatus -->
  <testcase classname="com.petstore.api.testcases.AvailablePetsTest" name="verifyPendingPetsStatus" time="1.378">
    <system-out>
      <![CDATA[Pending Pets
Base URI: https://petstore.swagger.io/#
Base Path: /v2/pet/findByStatus?status=pending
Pet Name: Special Dogs for Police
Response body contains doggie
Status code: 200
Actual status Code matches with expected 
StatusLine: HTTP/1.1 200 OK
Actual status Line matches with expected 
Response body contains Pets with pending status only]]>
    </system-out>
  </testcase> <!-- verifyPendingPetsStatus -->
  <testcase classname="com.petstore.api.testcases.AvailablePetsTest" name="verifySoldPetsStatus" time="1.446">
    <system-out>
      <![CDATA[Sold Pets
Base URI: https://petstore.swagger.io/#
Base Path: /v2/pet/findByStatus?status=sold
Pet Name: Lusi
Response body contains doggie
Status code: 200
Actual status Code matches with expected 
StatusLine: HTTP/1.1 200 OK
Actual status Line matches with expected 
Response]]>
    </system-out>
  </testcase> <!-- verifySoldPetsStatus -->
  <system-out>
    <![CDATA[Available Pets
Base URI: https://petstore.swagger.io/#
Base Path: /v2/pet/findByStatus?status=available
Pet Name: string
Response body contains doggie
Status code: 200
Actual status Code matches with expected 
StatusLine: HTTP/1.1 200 OK
Actual status Line matches with expected 
Response body contains Pets with available status only 
Pending Pets
Base URI: https://petstore.swagger.io/#
Base Path: /v2/pet/findByStatus?status=pending
Pet Name: Special Dogs for Police
Response body contains doggie
Status code: 200
Actual status Code matches with expected 
StatusLine: HTTP/1.1 200 OK
Actual status Line matches with expected 
Response body contains Pets with pending status only
Sold Pets
Base URI: https://petstore.swagger.io/#
Base Path: /v2/pet/findByStatus?status=sold
Pet Name: Lusi
Response body contains doggie
Status code: 200
Actual status Code matches with expected 
StatusLine: HTTP/1.1 200 OK
Actual status Line matches with expected 
Response]]>
  </system-out>
</testsuite> <!-- com.petstore.api.testcases.AvailablePetsTest -->
