<?xml version="1.0" encoding="UTF-8"?>
<!-- Generated by org.testng.reporters.JUnitReportReporter -->
<testsuite hostname="MAC-OBS-36.local" failures="0" tests="3" name="com.nopcommerce.web.testcases.LoginTest" time="1.843" errors="0" timestamp="2024-02-04T23:19:35 IST" skipped="0">
  <testcase classname="com.nopcommerce.web.testcases.LoginTest" name="verifyLoginWithoutCredentials" time="0.591"/>
  <testcase classname="com.nopcommerce.web.testcases.LoginTest" name="verifyLoginWithoutPassword" time="0.572"/>
  <testcase classname="com.nopcommerce.web.testcases.LoginTest" name="verifyLogin" time="0.680"/>
</testsuite> <!-- com.nopcommerce.web.testcases.LoginTest -->
