<?xml version="1.0" encoding="UTF-8"?>
<!-- Generated by org.testng.reporters.JUnitReportReporter -->
<testsuite hostname="MAC-OBS-36.local" failures="0" tests="1" name="com.petstore.api.testcases.PetsTestcases" time="2.583" errors="0" timestamp="2024-02-15T03:08:52 IST" skipped="0">
  <testcase classname="com.petstore.api.testcases.PetsTestcases" name="addPet" time="2.583"/>
  <system-out/>
</testsuite> <!-- com.petstore.api.testcases.PetsTestcases -->
