<?xml version="1.0" encoding="UTF-8"?>
<!-- Generated by org.testng.reporters.JUnitReportReporter -->
<testsuite hostname="MAC-OBS-36.local" failures="0" tests="2" name="com.nopcommerce.web.testcases.RegisterTest" time="2.084" errors="0" timestamp="2024-02-04T23:19:35 IST" skipped="0">
  <testcase classname="com.nopcommerce.web.testcases.RegisterTest" name="registerWithoutUserData" time="0.566"/>
  <testcase classname="com.nopcommerce.web.testcases.RegisterTest" name="registerNewUser" time="1.518"/>
</testsuite> <!-- com.nopcommerce.web.testcases.RegisterTest -->
