<?xml version="1.0" encoding="UTF-8"?>
<!-- Generated by org.testng.reporters.JUnitReportReporter -->
<testsuite hostname="MAC-OBS-36.local" failures="0" tests="2" name="com.nopcommerce.qa.testcases.RegisterTest" time="5.206" errors="0" timestamp="2024-02-01T03:06:36 IST" skipped="0">
  <testcase classname="com.nopcommerce.qa.testcases.RegisterTest" name="registerWithoutUserData" time="0.604"/>
  <testcase classname="com.nopcommerce.qa.testcases.RegisterTest" name="registerNewUser" time="4.602"/>
</testsuite> <!-- com.nopcommerce.qa.testcases.RegisterTest -->
