<?xml version="1.0" encoding="UTF-8"?>
<!-- Generated by org.testng.reporters.JUnitReportReporter -->
<testsuite hostname="MAC-OBS-36.local" failures="0" tests="2" name="com.nopcommerce.qa.testcases.RegisterTest" time="2.081" errors="0" timestamp="2024-02-04T21:56:48 IST" skipped="0">
  <testcase classname="com.nopcommerce.qa.testcases.RegisterTest" name="registerWithoutUserData" time="0.550"/>
  <testcase classname="com.nopcommerce.qa.testcases.RegisterTest" name="registerNewUser" time="1.531"/>
</testsuite> <!-- com.nopcommerce.qa.testcases.RegisterTest -->
